<?xml version="1.0" encoding="UTF-8"?>
<testsuite xmlns:xsi="http://www.w3.org/2001/XMLSchema-instance" xsi:noNamespaceSchemaLocation="https://maven.apache.org/surefire/maven-surefire-plugin/xsd/surefire-test-report-3.0.xsd" version="3.0" name="TestSuite" time="18.917" tests="2" errors="0" skipped="0" failures="0">
  <properties>
[...]
</properties>
  <testcase name="numberOfLiveGamesPresentIsEqualToHeaderPresent" classname="com.wipro.willhills.testcripts.BettingPageTest" time="8.276">
    <system-out><![CDATA[ChromeDriver: chrome on WINDOWS (d0704f82758c281623683acab563851a)
ChromeDriver: chrome on WINDOWS (35a073fc4120a97527330ba8865f3526)
]]></system-out>
    <system-err><![CDATA[Starting ChromeDriver 89.0.4389.23 (61b08ee2c50024bab004e48d2Sbt1ba0r8t3icdnbgd aCch5r7o9-mreeDfsr/brainvcehr-h e8a9d.s0/.4348398@9{.#22394 }()6 1obn p0o8rete 21c551000024
bOanbl0y0 4el4o8cda2lb 1cbo0n8n3ecticdobndsa c5a7r9e- raelflso/wberda.nc
hP-lheeadasse /s4e3e89 @h{t#t2p9s4:})/ /ocn hproormte 3d5r48i3ve
rO.nclhyr olmiuom.coarlg/ sceocnurnietcy-tcioonnssi daerraet iaonlsl foowre ds.ug
gePslteiaosnes  soene  kheetptipnsg: /Ch/rcohmerDormiever dsarfiev.er
.chromium.org/security-considerations for suggestions on keeping ChromeDriver safe.
ChromeDriver was started successfully.
ChromeDriver was started successfully.
[1621337637.955][WARNING]: This version of ChromeDriver has not been tested with Chrome version 90.
[1621337638.005][WARNING]: This version of ChromeDriver has not been tested with Chrome version 90.
May 18, 2021 12:33:58 PM org.openqa.selenium.remote.ProtocolHandshake createSession
INFO: Detected dialect: W3C
May 18, 2021 12:33:58 PM org.openqa.selenium.remote.ProtocolHandshake createSession
INFO: Detected dialect: W3C
]]></system-err>
  </testcase>
  <testcase name="testLoginFunctionalityForBettingPage" classname="com.wipro.willhills.testcripts.BettingPageTest" time="12.407"/>
</testsuite>