<?xml version="1.0" encoding="UTF-8"?>
<!-- Generated by org.testng.reporters.JUnitXMLReporter -->
<testsuite hostname="LAPTOP-TIQI5IPF" ignored="0" name="Williamhii_Testng_Tdd" tests="2" failures="0" timestamp="18 May 2021 11:34:13 GMT" time="17.362" errors="0">
  <testcase name="numberOfLiveGamesPresentIsEqualToHeaderPresent" time="8.562" classname="com.wipro.willhills.testcripts.BettingPageTest"/>
  <testcase name="testLoginFunctionalityForBettingPage" time="12.695" classname="com.wipro.willhills.testcripts.BettingPageTest"/>
</testsuite> <!-- Williamhii_Testng_Tdd -->
